[2023-02-05 19:27:55] No settings files found: C:/Users/Administrator/IdeaProjects/game-bot/config/settings.bin and C:/Users/Administrator/IdeaProjects/game-bot/config/settings_backup.bin
[2023-02-05 19:28:01] Saving 2 values; 44 bytes
[2023-02-05 19:29:01] Saving 2 values; 44 bytes
[2023-02-05 19:30:01] Saving 2 values; 44 bytes
[2023-02-05 19:31:01] Saving 2 values; 44 bytes
[2023-02-05 19:32:16] Loaded 2 values
[2023-02-05 19:32:16] Backed up config/settings.bin to config/settings_backup.bin (44 bytes)
[2023-02-05 19:32:21] Saving 2 values; 44 bytes
[2023-02-05 19:33:21] Saving 2 values; 44 bytes
[2023-02-05 19:33:35] Saving 2 values; 44 bytes
[2023-02-05 19:33:35] Saving 3 values; 71 bytes
[2023-02-05 19:33:37] Saving 3 values; 71 bytes
[2023-02-05 19:34:21] Saving 3 values; 71 bytes
[2023-02-05 22:19:06] Loaded 3 values
[2023-02-05 22:19:06] Backed up config/settings.bin to config/settings_backup.bin (71 bytes)
[2023-02-05 22:19:13] Saving 3 values; 71 bytes
[2023-02-05 22:20:13] Saving 3 values; 71 bytes
[2023-02-05 22:21:13] Saving 3 values; 71 bytes
[2023-02-05 22:22:13] Saving 3 values; 71 bytes
[2023-02-05 22:23:13] Saving 3 values; 71 bytes
[2023-02-05 22:24:13] Saving 3 values; 71 bytes
[2023-02-05 22:25:13] Saving 3 values; 71 bytes
[2023-02-05 22:26:13] Saving 3 values; 71 bytes
[2023-02-05 22:27:13] Saving 3 values; 71 bytes
[2023-02-05 22:28:13] Saving 3 values; 71 bytes
[2023-02-05 22:29:13] Saving 3 values; 71 bytes
[2023-02-05 22:30:13] Saving 3 values; 71 bytes
[2023-02-05 22:31:13] Saving 3 values; 71 bytes
[2023-02-05 22:32:13] Saving 3 values; 71 bytes
[2023-02-05 22:33:13] Saving 3 values; 71 bytes
[2023-02-05 22:34:13] Saving 3 values; 71 bytes
[2023-02-05 22:35:13] Saving 3 values; 71 bytes
[2023-02-05 22:36:13] Saving 3 values; 71 bytes
[2023-02-05 22:37:13] Saving 3 values; 71 bytes
[2023-02-05 22:38:13] Saving 3 values; 71 bytes
[2023-02-05 22:39:13] Saving 3 values; 71 bytes
[2023-02-05 22:40:13] Saving 3 values; 71 bytes
[2023-02-05 22:41:13] Saving 3 values; 71 bytes
[2023-02-05 22:42:13] Saving 3 values; 71 bytes
[2023-02-05 22:43:13] Saving 3 values; 71 bytes
[2023-02-05 22:44:13] Saving 3 values; 71 bytes
[2023-02-05 22:45:13] Saving 3 values; 71 bytes
[2023-02-05 22:46:13] Saving 3 values; 71 bytes
[2023-02-05 22:47:13] Saving 3 values; 71 bytes
[2023-02-05 22:48:13] Saving 3 values; 71 bytes
[2023-02-05 22:49:13] Saving 3 values; 71 bytes
[2023-02-05 22:50:13] Saving 3 values; 71 bytes
[2023-02-05 22:51:13] Saving 3 values; 71 bytes
[2023-02-05 22:52:13] Saving 3 values; 71 bytes
[2023-02-05 22:53:13] Saving 3 values; 71 bytes
[2023-02-05 22:54:13] Saving 3 values; 71 bytes
[2023-02-05 22:55:13] Saving 3 values; 71 bytes
[2023-02-05 22:56:13] Saving 3 values; 71 bytes
[2023-02-05 22:57:13] Saving 3 values; 71 bytes
[2023-02-05 22:58:13] Saving 3 values; 71 bytes
[2023-02-05 22:59:13] Saving 3 values; 71 bytes
[2023-02-05 23:00:13] Saving 3 values; 71 bytes
[2023-02-05 23:01:13] Saving 3 values; 71 bytes
[2023-02-06 11:28:05] Saving 3 values; 71 bytes
[2023-02-06 11:29:01] Saving 3 values; 71 bytes
[2023-02-06 11:30:01] Saving 3 values; 71 bytes
[2023-02-06 11:31:01] Saving 3 values; 71 bytes
[2023-02-06 11:32:01] Saving 3 values; 71 bytes
[2023-02-06 20:43:40] Loaded 3 values
[2023-02-06 20:43:42] Backed up config/settings.bin to config/settings_backup.bin (71 bytes)
[2023-02-06 20:43:49] Saving 3 values; 71 bytes
[2023-02-06 20:43:49] Saving 3 values; 71 bytes
[2023-02-06 20:43:51] Saving 3 values; 71 bytes
[2023-02-06 20:47:08] Loaded 3 values
[2023-02-06 20:47:08] Backed up config/settings.bin to config/settings_backup.bin (71 bytes)
[2023-02-06 20:47:20] Saving 3 values; 71 bytes
[2023-02-06 20:47:20] Saving 3 values; 71 bytes
[2023-02-06 20:47:23] Saving 3 values; 71 bytes
[2023-02-06 20:48:32] Loaded 3 values
[2023-02-06 20:48:32] Backed up config/settings.bin to config/settings_backup.bin (71 bytes)
[2023-02-06 20:48:39] Saving 3 values; 71 bytes
[2023-02-06 20:48:39] Saving 3 values; 71 bytes
[2023-02-06 20:48:40] Saving 5 values; 132 bytes
[2023-02-06 20:48:44] Saving 5 values; 132 bytes
[2023-02-06 20:48:44] Saving 5 values; 132 bytes
[2023-02-06 20:52:24] Loaded 5 values
[2023-02-06 20:52:24] Backed up config/settings.bin to config/settings_backup.bin (132 bytes)
[2023-02-06 20:52:32] Saving 5 values; 132 bytes
[2023-02-06 20:52:32] Saving 5 values; 132 bytes
[2023-02-06 20:52:35] Saving 5 values; 132 bytes
[2023-02-06 20:52:35] Saving 5 values; 132 bytes
[2023-02-06 21:05:32] Loaded 5 values
[2023-02-06 21:05:32] Backed up config/settings.bin to config/settings_backup.bin (132 bytes)
[2023-02-06 21:05:38] Saving 5 values; 132 bytes
[2023-02-06 21:05:38] Saving 5 values; 132 bytes
[2023-02-06 21:05:42] Saving 5 values; 132 bytes
[2023-02-06 21:08:15] Loaded 5 values
[2023-02-06 21:08:15] Backed up config/settings.bin to config/settings_backup.bin (132 bytes)
[2023-02-06 21:08:21] Saving 5 values; 132 bytes
[2023-02-06 21:08:21] Saving 5 values; 132 bytes
[2023-02-06 21:08:22] Saving 6 values; 174 bytes
[2023-02-06 21:08:25] Saving 6 values; 174 bytes
[2023-02-06 21:09:21] Saving 6 values; 174 bytes
[2023-02-06 21:10:21] Saving 6 values; 174 bytes
[2023-02-06 21:10:42] Saving 6 values; 174 bytes
[2023-02-06 21:10:53] Saving 6 values; 174 bytes
[2023-02-06 21:11:18] Saving 6 values; 174 bytes
[2023-02-06 21:11:20] Saving 6 values; 174 bytes
[2023-02-06 21:11:21] Saving 6 values; 174 bytes
[2023-02-06 21:12:21] Saving 6 values; 174 bytes
[2023-02-06 21:13:21] Saving 6 values; 174 bytes
[2023-02-06 21:14:21] Saving 6 values; 174 bytes
[2023-02-06 21:15:21] Saving 6 values; 174 bytes
[2023-02-06 21:16:21] Saving 6 values; 174 bytes
[2023-02-06 21:17:21] Saving 6 values; 174 bytes
[2023-02-06 21:18:21] Saving 6 values; 174 bytes
[2023-02-06 21:19:21] Saving 6 values; 174 bytes
[2023-02-06 21:20:21] Saving 6 values; 174 bytes
[2023-02-06 21:21:21] Saving 6 values; 174 bytes
[2023-02-06 21:22:21] Saving 6 values; 174 bytes
[2023-02-06 21:23:21] Saving 6 values; 174 bytes
[2023-02-06 21:24:21] Saving 6 values; 174 bytes
[2023-02-06 21:25:21] Saving 6 values; 174 bytes
[2023-02-06 21:26:20] Saving 6 values; 174 bytes
[2023-02-06 21:27:20] Saving 6 values; 174 bytes
[2023-02-06 21:28:20] Saving 6 values; 174 bytes
[2023-02-06 21:29:20] Saving 6 values; 174 bytes
[2023-02-06 21:30:20] Saving 6 values; 174 bytes
[2023-02-06 21:31:20] Saving 6 values; 174 bytes
[2023-02-06 21:33:07] Loaded 6 values
[2023-02-06 21:33:08] Backed up config/settings.bin to config/settings_backup.bin (174 bytes)
[2023-02-06 21:33:22] Saving 6 values; 174 bytes
[2023-02-06 21:33:22] Saving 6 values; 174 bytes
[2023-02-06 21:33:25] Saving 6 values; 174 bytes
[2023-02-06 21:34:22] Saving 6 values; 174 bytes
[2023-02-06 21:35:36] Loaded 6 values
[2023-02-06 21:35:36] Backed up config/settings.bin to config/settings_backup.bin (174 bytes)
[2023-02-06 21:35:42] Saving 6 values; 174 bytes
[2023-02-06 21:35:42] Saving 6 values; 174 bytes
[2023-02-06 21:35:44] Saving 6 values; 174 bytes
[2023-02-06 21:36:42] Saving 6 values; 174 bytes
[2023-02-06 21:37:42] Saving 6 values; 174 bytes
[2023-02-06 21:38:42] Saving 6 values; 174 bytes
[2023-02-06 21:39:42] Saving 6 values; 174 bytes
[2023-02-06 21:40:42] Saving 6 values; 174 bytes
[2023-02-06 21:41:42] Saving 6 values; 174 bytes
[2023-02-06 21:42:42] Saving 6 values; 174 bytes
[2023-02-06 21:43:42] Saving 6 values; 174 bytes
[2023-02-06 22:10:31] Loaded 6 values
[2023-02-06 22:10:31] Backed up config/settings.bin to config/settings_backup.bin (174 bytes)
[2023-02-06 22:10:40] Saving 6 values; 174 bytes
[2023-02-06 22:10:41] Saving 6 values; 174 bytes
[2023-02-06 22:10:45] Saving 6 values; 174 bytes
[2023-02-06 22:11:40] Saving 6 values; 174 bytes
[2023-02-06 22:12:40] Saving 6 values; 174 bytes
[2023-02-06 22:13:40] Saving 6 values; 174 bytes
[2023-02-06 22:14:40] Saving 6 values; 174 bytes
[2023-02-06 22:15:40] Saving 6 values; 174 bytes
[2023-02-06 22:16:40] Saving 6 values; 174 bytes
[2023-02-06 22:17:40] Saving 6 values; 174 bytes
[2023-02-06 22:18:40] Saving 6 values; 174 bytes
[2023-02-06 22:19:40] Saving 6 values; 174 bytes
[2023-02-06 22:20:40] Saving 6 values; 174 bytes
[2023-02-06 22:21:40] Saving 6 values; 174 bytes
[2023-02-06 22:22:40] Saving 6 values; 174 bytes
[2023-02-06 22:23:40] Saving 6 values; 174 bytes
[2023-02-06 22:24:40] Saving 6 values; 174 bytes
[2023-02-06 22:25:40] Saving 6 values; 174 bytes
[2023-02-06 22:26:40] Saving 6 values; 174 bytes
[2023-02-06 22:27:40] Saving 6 values; 174 bytes
[2023-02-06 22:28:40] Saving 6 values; 174 bytes
[2023-02-06 22:29:40] Saving 6 values; 174 bytes
[2023-02-06 22:30:40] Saving 6 values; 174 bytes
[2023-02-06 22:31:35] Loaded 6 values
[2023-02-06 22:31:35] Backed up config/settings.bin to config/settings_backup.bin (174 bytes)
[2023-02-06 22:31:39] Saving 6 values; 174 bytes
[2023-02-06 22:31:39] Saving 6 values; 174 bytes
[2023-02-06 22:31:41] Saving 6 values; 174 bytes
[2023-02-06 22:32:39] Saving 6 values; 174 bytes
[2023-02-06 22:33:39] Saving 6 values; 174 bytes
[2023-02-06 22:34:39] Saving 6 values; 174 bytes
[2023-02-06 22:35:39] Saving 6 values; 174 bytes
[2023-02-06 22:36:39] Saving 6 values; 174 bytes
[2023-02-06 22:37:39] Saving 6 values; 174 bytes
[2023-02-06 22:38:39] Saving 6 values; 174 bytes
[2023-02-06 22:39:39] Saving 6 values; 174 bytes
[2023-02-06 22:40:39] Saving 6 values; 174 bytes
[2023-02-06 22:41:39] Saving 6 values; 174 bytes
[2023-02-06 22:42:39] Saving 6 values; 174 bytes
[2023-02-06 22:43:39] Saving 6 values; 174 bytes
[2023-02-06 22:44:39] Saving 6 values; 174 bytes
[2023-02-06 22:45:39] Saving 6 values; 174 bytes
[2023-02-10 17:20:42] Loaded 6 values
[2023-02-10 17:20:42] Backed up config/settings.bin to config/settings_backup.bin (174 bytes)
[2023-02-10 17:20:47] Saving 6 values; 174 bytes
[2023-02-10 17:20:47] Saving 6 values; 174 bytes
[2023-02-10 17:20:50] Saving 6 values; 174 bytes
[2023-02-10 17:21:47] Saving 6 values; 174 bytes
[2023-02-10 17:22:47] Saving 6 values; 174 bytes
[2023-02-10 17:23:47] Saving 6 values; 174 bytes
[2023-02-10 17:24:47] Saving 6 values; 174 bytes
[2023-02-10 17:25:47] Saving 6 values; 174 bytes
[2023-02-10 17:26:47] Saving 6 values; 174 bytes
[2023-02-10 17:27:47] Saving 6 values; 174 bytes
[2023-02-10 17:28:47] Saving 6 values; 174 bytes
[2023-02-10 17:29:47] Saving 6 values; 174 bytes
[2023-02-10 17:30:47] Saving 6 values; 174 bytes
[2023-02-10 17:31:47] Saving 6 values; 174 bytes
[2023-02-10 17:32:47] Saving 6 values; 174 bytes
[2023-02-10 17:33:47] Saving 6 values; 174 bytes
[2023-02-10 17:34:47] Saving 6 values; 174 bytes
[2023-02-10 17:35:47] Saving 6 values; 174 bytes
[2023-02-10 17:36:47] Saving 6 values; 174 bytes
[2023-02-10 17:37:47] Saving 6 values; 174 bytes
[2023-02-10 17:38:47] Saving 6 values; 174 bytes
[2023-02-10 17:39:47] Saving 6 values; 174 bytes
[2023-02-10 17:40:47] Saving 6 values; 174 bytes
[2023-02-10 17:41:47] Saving 6 values; 174 bytes
[2023-02-10 17:42:47] Saving 6 values; 174 bytes
[2023-02-10 17:43:47] Saving 6 values; 174 bytes
[2023-02-10 17:44:47] Saving 6 values; 174 bytes
[2023-02-10 17:45:47] Saving 6 values; 174 bytes
[2023-02-10 17:46:47] Saving 6 values; 174 bytes
[2023-02-10 17:47:47] Saving 6 values; 174 bytes
[2023-02-10 17:48:47] Saving 6 values; 174 bytes
[2023-02-10 17:49:47] Saving 6 values; 174 bytes
[2023-02-10 17:50:47] Saving 6 values; 174 bytes
[2023-02-10 17:51:47] Saving 6 values; 174 bytes
[2023-02-10 17:52:47] Saving 6 values; 174 bytes
[2023-02-10 17:53:47] Saving 6 values; 174 bytes
[2023-02-10 17:54:47] Saving 6 values; 174 bytes
[2023-02-10 17:55:47] Saving 6 values; 174 bytes
[2023-02-10 17:56:47] Saving 6 values; 174 bytes
[2023-02-10 17:57:47] Saving 6 values; 174 bytes
[2023-02-10 17:58:47] Saving 6 values; 174 bytes
[2023-02-10 17:59:47] Saving 6 values; 174 bytes
[2023-02-10 18:00:47] Saving 6 values; 174 bytes
[2023-02-10 18:01:47] Saving 6 values; 174 bytes
[2023-02-10 18:02:47] Saving 6 values; 174 bytes
[2023-02-10 18:03:47] Saving 6 values; 174 bytes
[2023-02-10 18:04:47] Saving 6 values; 174 bytes
[2023-02-10 18:05:47] Saving 6 values; 174 bytes
[2023-02-10 18:06:47] Saving 6 values; 174 bytes
[2023-02-10 18:07:47] Saving 6 values; 174 bytes
[2023-02-10 18:08:47] Saving 6 values; 174 bytes
[2023-02-10 18:09:47] Saving 6 values; 174 bytes
[2023-02-10 18:10:47] Saving 6 values; 174 bytes
[2023-02-10 18:11:29] Saving 6 values; 174 bytes
[2023-02-10 18:11:47] Saving 6 values; 174 bytes
[2023-02-10 18:12:47] Saving 6 values; 174 bytes
[2023-02-10 18:13:47] Saving 6 values; 174 bytes
[2023-02-10 18:14:47] Saving 6 values; 174 bytes
[2023-02-10 18:15:47] Saving 6 values; 174 bytes
[2023-02-10 18:16:47] Saving 6 values; 174 bytes
[2023-02-10 18:17:47] Saving 6 values; 174 bytes
[2023-02-10 18:18:47] Saving 6 values; 174 bytes
[2023-02-10 18:19:47] Saving 6 values; 174 bytes
[2023-02-10 18:20:47] Saving 6 values; 174 bytes
[2023-02-10 18:21:47] Saving 6 values; 174 bytes
[2023-02-10 18:22:47] Saving 6 values; 174 bytes
[2023-02-10 18:23:47] Saving 6 values; 174 bytes
[2023-02-10 18:24:47] Saving 6 values; 174 bytes
[2023-02-10 18:25:47] Saving 6 values; 174 bytes
[2023-02-10 18:26:47] Saving 6 values; 174 bytes
[2023-02-10 18:27:47] Saving 6 values; 174 bytes
[2023-02-10 18:28:47] Saving 6 values; 174 bytes
[2023-02-10 18:29:47] Saving 6 values; 174 bytes
[2023-02-10 18:30:47] Saving 6 values; 174 bytes
[2023-02-10 18:31:47] Saving 6 values; 174 bytes
[2023-02-10 18:32:47] Saving 6 values; 174 bytes
[2023-02-10 18:33:47] Saving 6 values; 174 bytes
[2023-02-10 18:34:47] Saving 6 values; 174 bytes
[2023-02-10 18:35:47] Saving 6 values; 174 bytes
[2023-02-10 18:36:47] Saving 6 values; 174 bytes
[2023-02-10 18:37:47] Saving 6 values; 174 bytes
[2023-02-10 18:38:47] Saving 6 values; 174 bytes
[2023-02-10 18:39:47] Saving 6 values; 174 bytes
[2023-02-10 18:40:47] Saving 6 values; 174 bytes
[2023-02-10 18:41:47] Saving 6 values; 174 bytes
[2023-02-10 18:42:47] Saving 6 values; 174 bytes
[2023-02-10 18:43:47] Saving 6 values; 174 bytes
[2023-02-10 18:44:47] Saving 6 values; 174 bytes
[2023-02-10 18:45:47] Saving 6 values; 174 bytes
[2023-02-10 18:46:47] Saving 6 values; 174 bytes
[2023-02-10 18:47:47] Saving 6 values; 174 bytes
[2023-02-10 18:48:47] Saving 6 values; 174 bytes
[2023-02-10 18:49:47] Saving 6 values; 174 bytes
[2023-02-10 18:50:47] Saving 6 values; 174 bytes
[2023-02-10 18:51:47] Saving 6 values; 174 bytes
[2023-02-10 18:52:47] Saving 6 values; 174 bytes
[2023-02-10 18:53:47] Saving 6 values; 174 bytes
[2023-02-10 18:54:47] Saving 6 values; 174 bytes
[2023-02-10 18:55:47] Saving 6 values; 174 bytes
[2023-02-10 18:56:47] Saving 6 values; 174 bytes
[2023-02-10 18:57:47] Saving 6 values; 174 bytes
[2023-02-10 18:58:47] Saving 6 values; 174 bytes
[2023-02-10 18:59:47] Saving 6 values; 174 bytes
[2023-02-10 19:00:47] Saving 6 values; 174 bytes
[2023-02-10 19:01:47] Saving 6 values; 174 bytes
[2023-02-10 19:02:47] Saving 6 values; 174 bytes
[2023-02-10 19:03:47] Saving 6 values; 174 bytes
[2023-02-10 19:04:47] Saving 6 values; 174 bytes
[2023-02-10 19:05:47] Saving 6 values; 174 bytes
[2023-02-10 19:06:47] Saving 6 values; 174 bytes
[2023-02-10 19:07:47] Saving 6 values; 174 bytes
[2023-02-10 19:08:47] Saving 6 values; 174 bytes
[2023-02-10 19:09:47] Saving 6 values; 174 bytes
[2023-02-10 19:10:47] Saving 6 values; 174 bytes
[2023-02-10 19:11:47] Saving 6 values; 174 bytes
[2023-02-10 19:12:47] Saving 6 values; 174 bytes
[2023-02-10 19:13:47] Saving 6 values; 174 bytes
[2023-02-10 19:14:47] Saving 6 values; 174 bytes
[2023-02-10 19:15:47] Saving 6 values; 174 bytes
[2023-02-10 19:16:47] Saving 6 values; 174 bytes
[2023-02-10 19:17:47] Saving 6 values; 174 bytes
[2023-02-10 19:18:47] Saving 6 values; 174 bytes
[2023-02-10 19:19:47] Saving 6 values; 174 bytes
[2023-02-10 19:20:47] Saving 6 values; 174 bytes
[2023-02-10 19:21:47] Saving 6 values; 174 bytes
[2023-02-10 19:22:47] Saving 6 values; 174 bytes
[2023-02-10 19:23:47] Saving 6 values; 174 bytes
[2023-02-10 19:24:47] Saving 6 values; 174 bytes
[2023-02-10 19:25:47] Saving 6 values; 174 bytes
[2023-02-10 19:26:47] Saving 6 values; 174 bytes
[2023-02-10 19:27:47] Saving 6 values; 174 bytes
[2023-02-10 19:28:47] Saving 6 values; 174 bytes
[2023-02-10 19:29:47] Saving 6 values; 174 bytes
[2023-02-10 19:30:47] Saving 6 values; 174 bytes
[2023-02-10 19:31:47] Saving 6 values; 174 bytes
[2023-02-10 19:32:47] Saving 6 values; 174 bytes
[2023-02-10 19:33:47] Saving 6 values; 174 bytes
[2023-02-10 19:34:47] Saving 6 values; 174 bytes
[2023-02-10 19:35:47] Saving 6 values; 174 bytes
[2023-02-10 19:36:47] Saving 6 values; 174 bytes
[2023-02-10 19:37:47] Saving 6 values; 174 bytes
[2023-02-10 19:38:47] Saving 6 values; 174 bytes
[2023-02-10 19:39:47] Saving 6 values; 174 bytes
[2023-02-10 19:40:47] Saving 6 values; 174 bytes
[2023-02-10 19:41:47] Saving 6 values; 174 bytes
[2023-02-10 19:42:47] Saving 6 values; 174 bytes
[2023-02-10 19:43:47] Saving 6 values; 174 bytes
[2023-02-10 19:44:47] Saving 6 values; 174 bytes
[2023-02-10 19:45:47] Saving 6 values; 174 bytes
[2023-02-10 19:46:47] Saving 6 values; 174 bytes
[2023-02-10 19:47:47] Saving 6 values; 174 bytes
[2023-02-10 19:48:47] Saving 6 values; 174 bytes
[2023-02-10 19:49:47] Saving 6 values; 174 bytes
[2023-02-10 19:50:47] Saving 6 values; 174 bytes
[2023-02-10 19:51:47] Saving 6 values; 174 bytes
[2023-02-10 19:52:47] Saving 6 values; 174 bytes
[2023-02-10 19:53:47] Saving 6 values; 174 bytes
[2023-02-10 19:54:47] Saving 6 values; 174 bytes
[2023-02-10 19:55:47] Saving 6 values; 174 bytes
[2023-02-10 19:56:48] Saving 6 values; 174 bytes
[2023-02-10 19:57:47] Saving 6 values; 174 bytes
[2023-02-10 19:58:47] Saving 6 values; 174 bytes
[2023-02-10 19:59:47] Saving 6 values; 174 bytes
[2023-02-10 20:00:47] Saving 6 values; 174 bytes
[2023-02-10 20:01:47] Saving 6 values; 174 bytes
[2023-02-10 20:02:47] Saving 6 values; 174 bytes
[2023-02-10 20:03:47] Saving 6 values; 174 bytes
[2023-02-10 20:04:47] Saving 6 values; 174 bytes
[2023-02-10 20:05:47] Saving 6 values; 174 bytes
[2023-02-10 20:06:47] Saving 6 values; 174 bytes
[2023-02-10 20:07:47] Saving 6 values; 174 bytes
[2023-02-10 20:08:47] Saving 6 values; 174 bytes
[2023-02-10 20:09:47] Saving 6 values; 174 bytes
[2023-02-10 20:10:47] Saving 6 values; 174 bytes
[2023-02-10 20:11:47] Saving 6 values; 174 bytes
[2023-02-10 20:12:47] Saving 6 values; 174 bytes
[2023-02-10 20:13:47] Saving 6 values; 174 bytes
[2023-02-10 20:14:47] Saving 6 values; 174 bytes
[2023-02-10 20:15:47] Saving 6 values; 174 bytes
[2023-02-10 20:16:47] Saving 6 values; 174 bytes
[2023-02-10 20:17:47] Saving 6 values; 174 bytes
[2023-02-10 20:18:47] Saving 6 values; 174 bytes
[2023-02-10 20:19:47] Saving 6 values; 174 bytes
[2023-02-10 20:20:47] Saving 6 values; 174 bytes
[2023-02-10 20:21:47] Saving 6 values; 174 bytes
[2023-02-10 20:22:47] Saving 6 values; 174 bytes
[2023-02-10 20:23:47] Saving 6 values; 174 bytes
[2023-02-10 20:24:47] Saving 6 values; 174 bytes
[2023-02-10 20:25:47] Saving 6 values; 174 bytes
[2023-02-10 20:26:47] Saving 6 values; 174 bytes
[2023-02-10 20:27:47] Saving 6 values; 174 bytes
[2023-02-10 20:28:47] Saving 6 values; 174 bytes
[2023-02-10 20:29:47] Saving 6 values; 174 bytes
[2023-02-10 20:30:47] Saving 6 values; 174 bytes
[2023-02-10 20:31:47] Saving 6 values; 174 bytes
[2023-02-10 20:32:47] Saving 6 values; 174 bytes
[2023-02-10 20:33:47] Saving 6 values; 174 bytes
[2023-02-10 20:34:47] Saving 6 values; 174 bytes
[2023-02-10 20:35:47] Saving 6 values; 174 bytes
[2023-02-10 20:36:47] Saving 6 values; 174 bytes
[2023-02-10 20:37:47] Saving 6 values; 174 bytes
[2023-02-10 20:38:47] Saving 6 values; 174 bytes
[2023-02-10 20:39:47] Saving 6 values; 174 bytes
[2023-02-10 20:40:47] Saving 6 values; 174 bytes
[2023-02-10 20:41:47] Saving 6 values; 174 bytes
[2023-02-10 20:42:48] Saving 6 values; 174 bytes
[2023-02-10 20:43:47] Saving 6 values; 174 bytes
[2023-02-10 20:44:47] Saving 6 values; 174 bytes
[2023-02-10 20:45:47] Saving 6 values; 174 bytes
[2023-02-10 20:46:47] Saving 6 values; 174 bytes
[2023-02-10 20:47:47] Saving 6 values; 174 bytes
[2023-02-10 20:48:47] Saving 6 values; 174 bytes
[2023-02-10 20:49:47] Saving 6 values; 174 bytes
[2023-02-10 20:50:47] Saving 6 values; 174 bytes
[2023-02-10 20:51:47] Saving 6 values; 174 bytes
[2023-02-10 20:52:47] Saving 6 values; 174 bytes
[2023-02-10 20:53:47] Saving 6 values; 174 bytes
[2023-02-10 20:54:47] Saving 6 values; 174 bytes
[2023-02-10 20:55:47] Saving 6 values; 174 bytes
[2023-02-10 20:56:47] Saving 6 values; 174 bytes
[2023-02-10 20:57:47] Saving 6 values; 174 bytes
[2023-02-10 20:58:47] Saving 6 values; 174 bytes
[2023-02-10 20:59:47] Saving 6 values; 174 bytes
[2023-02-10 21:00:47] Saving 6 values; 174 bytes
[2023-02-10 21:01:47] Saving 6 values; 174 bytes
[2023-02-10 21:02:47] Saving 6 values; 174 bytes
[2023-02-10 21:03:47] Saving 6 values; 174 bytes
[2023-02-10 21:04:47] Saving 6 values; 174 bytes
[2023-02-10 21:05:47] Saving 6 values; 174 bytes
[2023-02-10 21:06:47] Saving 6 values; 174 bytes
[2023-02-10 21:07:47] Saving 6 values; 174 bytes
[2023-02-10 21:08:47] Saving 6 values; 174 bytes
[2023-02-10 21:09:47] Saving 6 values; 174 bytes
[2023-02-10 21:10:47] Saving 6 values; 174 bytes
[2023-02-10 21:11:47] Saving 6 values; 174 bytes
[2023-02-10 21:12:47] Saving 6 values; 174 bytes
[2023-02-10 21:13:47] Saving 6 values; 174 bytes
[2023-02-10 21:14:47] Saving 6 values; 174 bytes
[2023-02-10 21:15:47] Saving 6 values; 174 bytes
[2023-02-10 21:16:47] Saving 6 values; 174 bytes
[2023-02-10 21:17:47] Saving 6 values; 174 bytes
[2023-02-10 21:18:47] Saving 6 values; 174 bytes
[2023-02-10 21:19:47] Saving 6 values; 174 bytes
[2023-02-10 21:20:47] Saving 6 values; 174 bytes
[2023-02-10 21:21:47] Saving 6 values; 174 bytes
[2023-02-10 21:22:47] Saving 6 values; 174 bytes
[2023-02-10 21:23:47] Saving 6 values; 174 bytes
[2023-02-10 21:24:47] Saving 6 values; 174 bytes
[2023-02-10 21:25:47] Saving 6 values; 174 bytes
[2023-02-10 21:26:47] Saving 6 values; 174 bytes
[2023-02-10 21:27:47] Saving 6 values; 174 bytes
[2023-02-10 21:28:47] Saving 6 values; 174 bytes
[2023-02-10 21:29:47] Saving 6 values; 174 bytes
[2023-02-10 21:30:47] Saving 6 values; 174 bytes
[2023-02-10 21:31:47] Saving 6 values; 174 bytes
[2023-02-10 21:32:47] Saving 6 values; 174 bytes
[2023-02-10 21:33:47] Saving 6 values; 174 bytes
[2023-02-10 21:34:47] Saving 6 values; 174 bytes
[2023-02-10 21:35:47] Saving 6 values; 174 bytes
[2023-02-10 21:36:47] Saving 6 values; 174 bytes
[2023-02-10 21:37:47] Saving 6 values; 174 bytes
[2023-02-10 21:38:47] Saving 6 values; 174 bytes
[2023-02-10 21:39:47] Saving 6 values; 174 bytes
[2023-02-10 21:40:47] Saving 6 values; 174 bytes
[2023-02-10 21:41:47] Saving 6 values; 174 bytes
[2023-02-10 21:42:47] Saving 6 values; 174 bytes
[2023-02-10 21:43:47] Saving 6 values; 174 bytes
[2023-02-10 21:44:47] Saving 6 values; 174 bytes
[2023-02-10 21:45:47] Saving 6 values; 174 bytes
[2023-02-10 21:46:47] Saving 6 values; 174 bytes
[2023-02-10 21:47:47] Saving 6 values; 174 bytes
[2023-02-10 21:48:47] Saving 6 values; 174 bytes
[2023-02-10 21:49:47] Saving 6 values; 174 bytes
[2023-02-10 21:50:47] Saving 6 values; 174 bytes
[2023-02-10 21:51:47] Saving 6 values; 174 bytes
[2023-02-10 21:52:47] Saving 6 values; 174 bytes
[2023-02-10 21:53:47] Saving 6 values; 174 bytes
[2023-02-10 21:54:48] Saving 6 values; 174 bytes
[2023-02-10 21:55:48] Saving 6 values; 174 bytes
[2023-02-10 21:56:47] Saving 6 values; 174 bytes
[2023-02-10 21:57:48] Saving 6 values; 174 bytes
[2023-02-10 21:58:47] Saving 6 values; 174 bytes
[2023-02-10 21:59:47] Saving 6 values; 174 bytes
[2023-02-10 22:00:47] Saving 6 values; 174 bytes
[2023-02-10 22:01:47] Saving 6 values; 174 bytes
[2023-02-10 22:02:47] Saving 6 values; 174 bytes
[2023-02-10 22:03:47] Saving 6 values; 174 bytes
[2023-02-10 22:04:47] Saving 6 values; 174 bytes
[2023-02-10 22:05:47] Saving 6 values; 174 bytes
[2023-02-10 22:06:47] Saving 6 values; 174 bytes
[2023-02-10 22:07:47] Saving 6 values; 174 bytes
[2023-02-10 22:08:47] Saving 6 values; 174 bytes
[2023-02-10 22:09:47] Saving 6 values; 174 bytes
[2023-02-10 22:10:47] Saving 6 values; 174 bytes
[2023-02-10 22:11:48] Saving 6 values; 174 bytes
[2023-02-10 22:12:47] Saving 6 values; 174 bytes
[2023-02-10 22:13:47] Saving 6 values; 174 bytes
[2023-02-10 22:14:47] Saving 6 values; 174 bytes
[2023-02-10 22:15:47] Saving 6 values; 174 bytes
[2023-02-10 22:16:47] Saving 6 values; 174 bytes
[2023-02-10 22:17:47] Saving 6 values; 174 bytes
[2023-02-10 22:18:47] Saving 6 values; 174 bytes
[2023-02-10 22:19:47] Saving 6 values; 174 bytes
[2023-02-10 22:20:47] Saving 6 values; 174 bytes
[2023-02-10 22:21:47] Saving 6 values; 174 bytes
[2023-02-10 22:22:47] Saving 6 values; 174 bytes
[2023-02-10 22:23:47] Saving 6 values; 174 bytes
[2023-02-10 22:24:47] Saving 6 values; 174 bytes
[2023-02-10 22:25:47] Saving 6 values; 174 bytes
[2023-02-10 22:26:47] Saving 6 values; 174 bytes
[2023-02-10 22:27:47] Saving 6 values; 174 bytes
[2023-02-10 22:28:47] Saving 6 values; 174 bytes
[2023-02-10 22:29:47] Saving 6 values; 174 bytes
[2023-02-10 22:30:47] Saving 6 values; 174 bytes
[2023-02-10 22:31:47] Saving 6 values; 174 bytes
[2023-02-10 22:32:47] Saving 6 values; 174 bytes
[2023-02-10 22:33:47] Saving 6 values; 174 bytes
[2023-02-10 22:34:47] Saving 6 values; 174 bytes
[2023-02-10 22:35:47] Saving 6 values; 174 bytes
[2023-02-10 22:36:47] Saving 6 values; 174 bytes
[2023-02-10 22:37:47] Saving 6 values; 174 bytes
[2023-02-10 22:38:47] Saving 6 values; 174 bytes
[2023-02-10 22:39:47] Saving 6 values; 174 bytes
[2023-02-10 22:40:47] Saving 6 values; 174 bytes
[2023-02-10 22:41:47] Saving 6 values; 174 bytes
[2023-02-10 22:42:47] Saving 6 values; 174 bytes
[2023-02-10 22:43:47] Saving 6 values; 174 bytes
[2023-02-10 22:44:47] Saving 6 values; 174 bytes
[2023-02-10 22:45:47] Saving 6 values; 174 bytes
[2023-02-10 22:46:48] Saving 6 values; 174 bytes
[2023-02-10 22:47:47] Saving 6 values; 174 bytes
[2023-02-10 22:48:47] Saving 6 values; 174 bytes
[2023-02-10 22:49:47] Saving 6 values; 174 bytes
[2023-02-10 22:50:47] Saving 6 values; 174 bytes
[2023-02-10 22:51:47] Saving 6 values; 174 bytes
[2023-02-10 22:52:47] Saving 6 values; 174 bytes
[2023-02-10 22:53:48] Saving 6 values; 174 bytes
[2023-02-10 22:54:47] Saving 6 values; 174 bytes
[2023-02-10 22:55:47] Saving 6 values; 174 bytes
[2023-02-10 22:56:47] Saving 6 values; 174 bytes
[2023-02-10 22:57:47] Saving 6 values; 174 bytes
[2023-02-10 22:58:47] Saving 6 values; 174 bytes
[2023-02-10 22:59:47] Saving 6 values; 174 bytes
[2023-02-10 23:00:47] Saving 6 values; 174 bytes
[2023-02-10 23:01:47] Saving 6 values; 174 bytes
[2023-02-10 23:02:47] Saving 6 values; 174 bytes
[2023-02-10 23:03:47] Saving 6 values; 174 bytes
[2023-02-10 23:04:47] Saving 6 values; 174 bytes
[2023-02-10 23:05:47] Saving 6 values; 174 bytes
[2023-02-10 23:06:47] Saving 6 values; 174 bytes
[2023-02-10 23:07:47] Saving 6 values; 174 bytes
[2023-02-10 23:08:11] Loaded 6 values
[2023-02-10 23:08:11] Backed up config/settings.bin to config/settings_backup.bin (174 bytes)
[2023-02-10 23:08:14] Saving 6 values; 174 bytes
[2023-02-10 23:08:14] Saving 6 values; 174 bytes
[2023-02-10 23:08:16] Saving 6 values; 174 bytes
[2023-02-10 23:08:47] Saving 6 values; 174 bytes
[2023-02-10 23:09:47] Saving 6 values; 174 bytes
[2023-02-10 23:10:36] Loaded 6 values
[2023-02-10 23:10:36] Backed up config/settings.bin to config/settings_backup.bin (174 bytes)
[2023-02-10 23:10:42] Saving 6 values; 174 bytes
[2023-02-10 23:10:42] Saving 6 values; 174 bytes
[2023-02-10 23:10:44] Saving 6 values; 174 bytes
[2023-02-10 23:10:47] Saving 6 values; 174 bytes
[2023-02-10 23:11:47] Saving 6 values; 174 bytes
[2023-02-10 23:11:50] Loaded 6 values
[2023-02-10 23:11:50] Backed up config/settings.bin to config/settings_backup.bin (174 bytes)
[2023-02-10 23:11:53] Saving 6 values; 174 bytes
[2023-02-10 23:11:53] Saving 6 values; 174 bytes
[2023-02-10 23:11:54] Saving 6 values; 174 bytes
[2023-02-10 23:12:47] Saving 6 values; 174 bytes
[2023-02-10 23:12:53] Saving 6 values; 174 bytes
[2023-02-10 23:13:47] Saving 6 values; 174 bytes
[2023-02-10 23:13:53] Saving 6 values; 174 bytes
[2023-02-10 23:14:43] Loaded 6 values
[2023-02-10 23:14:43] Backed up config/settings.bin to config/settings_backup.bin (174 bytes)
[2023-02-10 23:14:46] Saving 6 values; 174 bytes
[2023-02-10 23:14:46] Saving 6 values; 174 bytes
[2023-02-10 23:14:47] Saving 6 values; 174 bytes
[2023-02-10 23:14:48] Saving 6 values; 174 bytes
[2023-02-10 23:15:47] Saving 6 values; 174 bytes
[2023-02-10 23:16:46] Loaded 6 values
[2023-02-10 23:16:46] Backed up config/settings.bin to config/settings_backup.bin (174 bytes)
[2023-02-10 23:16:47] Saving 6 values; 174 bytes
[2023-02-10 23:16:49] Saving 6 values; 174 bytes
[2023-02-10 23:16:49] Saving 6 values; 174 bytes
[2023-02-10 23:16:51] Saving 6 values; 174 bytes
[2023-02-10 23:17:47] Saving 6 values; 174 bytes
[2023-02-10 23:18:47] Saving 6 values; 174 bytes
[2023-02-10 23:19:47] Saving 6 values; 174 bytes
[2023-02-10 23:20:47] Saving 6 values; 174 bytes
[2023-02-10 23:21:47] Saving 6 values; 174 bytes
[2023-02-10 23:22:47] Saving 6 values; 174 bytes
[2023-02-10 23:23:47] Saving 6 values; 174 bytes
[2023-02-10 23:24:47] Saving 6 values; 174 bytes
[2023-02-10 23:25:47] Saving 6 values; 174 bytes
[2023-02-10 23:26:47] Saving 6 values; 174 bytes
[2023-02-10 23:27:47] Saving 6 values; 174 bytes
[2023-02-10 23:28:47] Saving 6 values; 174 bytes
[2023-02-10 23:29:47] Saving 6 values; 174 bytes
[2023-02-10 23:30:47] Saving 6 values; 174 bytes
[2023-02-10 23:31:47] Saving 6 values; 174 bytes
[2023-02-11 11:27:45] Saving 6 values; 174 bytes
[2023-02-11 11:28:40] Saving 6 values; 174 bytes
[2023-02-11 11:29:41] Saving 6 values; 174 bytes
[2023-02-11 11:30:40] Saving 6 values; 174 bytes
[2023-02-11 11:31:40] Saving 6 values; 174 bytes
[2023-02-11 11:32:40] Saving 6 values; 174 bytes
[2023-02-11 11:33:40] Saving 6 values; 174 bytes
[2023-02-11 11:34:40] Saving 6 values; 174 bytes
[2023-02-11 11:35:40] Saving 6 values; 174 bytes
[2023-02-11 11:36:40] Saving 6 values; 174 bytes
[2023-02-11 11:37:40] Saving 6 values; 174 bytes
[2023-02-11 11:38:40] Saving 6 values; 174 bytes
[2023-02-11 11:39:40] Saving 6 values; 174 bytes
[2023-02-11 11:40:40] Saving 6 values; 174 bytes
[2023-02-11 11:41:40] Saving 6 values; 174 bytes
[2023-02-11 11:42:40] Saving 6 values; 174 bytes
[2023-02-11 11:43:40] Saving 6 values; 174 bytes
[2023-02-19 19:48:46] Failed to load base file config/settings.bin:
java.io.IOException: 0 values are not allowed.
	at arc.Settings.loadValues(Settings.java:169)
	at arc.Settings.loadValues(Settings.java:130)
	at arc.Settings.load(Settings.java:72)
	at mindustry.Vars.loadSettings(Vars.java:432)
	at mindustry.server.ServerLauncher.init(ServerLauncher.java:46)
	at arc.backend.headless.HeadlessApplication.mainLoop(HeadlessApplication.java:64)
	at arc.backend.headless.HeadlessApplication$1.run(HeadlessApplication.java:52)

[2023-02-19 19:48:46] Attempting to load backup file: 'config/settings_backups/1676087020656.bin'. Length: 174
[2023-02-19 19:48:46] | Failed to load backup file [config/settings_backups/1676087020656.bin, config/settings_backups/1676086960667.bin, config/settings_backups/1676086900695.bin, config/settings_backups/1676086840669.bin, config/settings_backups/1676086780655.bin, config/settings_backups/1676086720663.bin, config/settings_backups/1676086660691.bin, config/settings_backups/1676086600643.bin, config/settings_backups/1676086540678.bin, config/settings_backups/1676086480699.bin, config/settings_backup.bin]:
java.io.IOException: 0 values are not allowed.
	at arc.Settings.loadValues(Settings.java:169)
	at arc.Settings.loadValues(Settings.java:148)
	at arc.Settings.load(Settings.java:72)
	at mindustry.Vars.loadSettings(Vars.java:432)
	at mindustry.server.ServerLauncher.init(ServerLauncher.java:46)
	at arc.backend.headless.HeadlessApplication.mainLoop(HeadlessApplication.java:64)
	at arc.backend.headless.HeadlessApplication$1.run(HeadlessApplication.java:52)

[2023-02-19 19:48:46] Attempting to load backup file: 'config/settings_backups/1676086960667.bin'. Length: 174
[2023-02-19 19:48:46] | Loaded backup settings file after load failure. New settings file length: 174
[2023-02-19 19:49:00] Saving 6 values; 174 bytes
[2023-02-19 19:49:00] Saving 6 values; 174 bytes
[2023-02-19 19:49:09] Saving 6 values; 174 bytes
[2023-02-19 19:50:13] Loaded 6 values
[2023-02-19 19:50:13] Backed up config/settings.bin to config/settings_backup.bin (174 bytes)
[2023-02-19 19:50:17] Saving 6 values; 174 bytes
[2023-02-19 19:50:17] Saving 6 values; 174 bytes
[2023-02-19 19:50:20] Saving 6 values; 174 bytes
[2023-02-19 19:50:26] Saving 6 values; 174 bytes
[2023-02-19 19:50:31] Saving 6 values; 174 bytes
[2023-02-19 19:50:49] Loaded 6 values
[2023-02-19 19:50:49] Backed up config/settings.bin to config/settings_backup.bin (174 bytes)
[2023-02-19 19:50:52] Saving 6 values; 174 bytes
[2023-02-19 19:50:52] Saving 6 values; 174 bytes
[2023-02-19 19:50:57] Saving 6 values; 174 bytes
[2023-02-19 19:51:52] Saving 6 values; 174 bytes
[2023-02-24 19:30:56] Loaded 6 values
[2023-02-24 19:30:56] Backed up config/settings.bin to config/settings_backup.bin (174 bytes)
[2023-02-24 19:31:00] Saving 6 values; 174 bytes
[2023-02-24 19:31:00] Saving 6 values; 174 bytes
[2023-02-24 19:31:01] Saving 6 values; 174 bytes
[2023-02-24 19:31:01] Saving 6 values; 174 bytes
[2023-02-24 19:32:00] Saving 6 values; 174 bytes
[2023-02-24 19:33:00] Saving 6 values; 174 bytes
[2023-02-24 19:34:00] Saving 6 values; 174 bytes
[2023-02-24 19:35:00] Saving 6 values; 174 bytes
[2023-02-24 19:36:00] Saving 6 values; 174 bytes
[2023-02-24 19:37:00] Saving 6 values; 174 bytes
[2023-02-24 19:37:25] Loaded 6 values
[2023-02-24 19:37:25] Backed up config/settings.bin to config/settings_backup.bin (174 bytes)
[2023-02-24 19:37:38] Saving 6 values; 174 bytes
[2023-02-24 19:37:38] Saving 6 values; 174 bytes
[2023-02-24 19:37:39] Saving 6 values; 174 bytes
[2023-02-24 19:37:39] Saving 6 values; 174 bytes
[2023-02-24 19:38:38] Saving 6 values; 174 bytes
[2023-02-24 20:39:12] Loaded 6 values
[2023-02-24 20:39:12] Backed up config/settings.bin to config/settings_backup.bin (174 bytes)
[2023-02-24 20:39:20] Saving 6 values; 174 bytes
[2023-02-24 20:39:20] Saving 6 values; 174 bytes
[2023-02-24 20:39:22] Saving 6 values; 174 bytes
[2023-02-24 20:40:20] Saving 6 values; 174 bytes
[2023-02-24 20:41:20] Saving 6 values; 174 bytes
[2023-02-24 20:42:20] Saving 6 values; 174 bytes
[2023-02-24 20:43:20] Saving 6 values; 174 bytes
[2023-02-24 20:44:20] Saving 6 values; 174 bytes
[2023-02-24 20:45:20] Saving 6 values; 174 bytes
[2023-02-24 20:46:20] Saving 6 values; 174 bytes
[2023-02-24 20:47:20] Saving 6 values; 174 bytes
[2023-02-24 20:48:20] Saving 6 values; 174 bytes
[2023-02-24 20:49:20] Saving 6 values; 174 bytes
[2023-02-24 20:50:20] Saving 6 values; 174 bytes
[2023-02-24 20:51:20] Saving 6 values; 174 bytes
[2023-02-24 20:52:20] Saving 6 values; 174 bytes
[2023-02-24 21:12:20] Loaded 6 values
[2023-02-24 21:12:20] Backed up config/settings.bin to config/settings_backup.bin (174 bytes)
[2023-02-24 21:12:24] Saving 6 values; 174 bytes
[2023-02-24 21:12:24] Saving 6 values; 174 bytes
[2023-02-24 21:12:24] Saving 6 values; 174 bytes
[2023-02-24 21:13:41] Loaded 6 values
[2023-02-24 21:13:41] Backed up config/settings.bin to config/settings_backup.bin (174 bytes)
[2023-02-24 21:13:44] Saving 6 values; 174 bytes
[2023-02-24 21:13:44] Saving 6 values; 174 bytes
[2023-02-24 21:13:45] Saving 6 values; 174 bytes
[2023-02-24 21:14:44] Saving 6 values; 174 bytes
[2023-02-24 21:15:44] Saving 6 values; 174 bytes
[2023-02-24 21:16:24] Saving 6 values; 174 bytes
[2023-02-24 21:16:25] Saving 6 values; 174 bytes
